<?xml version="1.0" encoding="UTF-8"?>
<testng-results ignored="0" total="1" passed="1" failed="0" skipped="0">
  <reporter-output>
  </reporter-output>
  <suite started-at="2024-02-05T12:55:45 GMT" name="Default suite" finished-at="2024-02-05T12:55:45 GMT" duration-ms="99">
    <groups>
    </groups>
    <test started-at="2024-02-05T12:55:45 GMT" name="Default test" finished-at="2024-02-05T12:55:45 GMT" duration-ms="99">
      <class name="TestNg.testngbasic">
        <test-method is-config="true" signature="testcase2()[pri:0, instance:TestNg.testngbasic@576d5deb]" started-at="2024-02-05T12:55:45 GMT" name="testcase2" finished-at="2024-02-05T12:55:45 GMT" duration-ms="19" status="PASS">
          <reporter-output>
          </reporter-output>
        </test-method> <!-- testcase2 -->
        <test-method is-config="true" signature="testcase4()[pri:0, instance:TestNg.testngbasic@576d5deb]" started-at="2024-02-05T12:55:45 GMT" name="testcase4" finished-at="2024-02-05T12:55:45 GMT" duration-ms="1" status="PASS">
          <reporter-output>
          </reporter-output>
        </test-method> <!-- testcase4 -->
        <test-method is-config="true" signature="testcase6()[pri:0, instance:TestNg.testngbasic@576d5deb]" started-at="2024-02-05T12:55:45 GMT" name="testcase6" finished-at="2024-02-05T12:55:45 GMT" duration-ms="0" status="PASS">
          <reporter-output>
          </reporter-output>
        </test-method> <!-- testcase6 -->
        <test-method signature="teztcase1()[pri:0, instance:TestNg.testngbasic@576d5deb]" started-at="2024-02-05T12:55:45 GMT" name="teztcase1" finished-at="2024-02-05T12:55:45 GMT" duration-ms="8" status="PASS">
          <reporter-output>
          </reporter-output>
        </test-method> <!-- teztcase1 -->
        <test-method is-config="true" signature="testcase7()[pri:0, instance:TestNg.testngbasic@576d5deb]" started-at="2024-02-05T12:55:45 GMT" name="testcase7" finished-at="2024-02-05T12:55:45 GMT" duration-ms="1" status="PASS">
          <reporter-output>
          </reporter-output>
        </test-method> <!-- testcase7 -->
        <test-method is-config="true" signature="testcase5()[pri:0, instance:TestNg.testngbasic@576d5deb]" started-at="2024-02-05T12:55:45 GMT" name="testcase5" finished-at="2024-02-05T12:55:45 GMT" duration-ms="1" status="PASS">
          <reporter-output>
          </reporter-output>
        </test-method> <!-- testcase5 -->
        <test-method is-config="true" signature="testcase3()[pri:0, instance:TestNg.testngbasic@576d5deb]" started-at="2024-02-05T12:55:45 GMT" name="testcase3" finished-at="2024-02-05T12:55:45 GMT" duration-ms="1" status="PASS">
          <reporter-output>
          </reporter-output>
        </test-method> <!-- testcase3 -->
      </class> <!-- TestNg.testngbasic -->
    </test> <!-- Default test -->
  </suite> <!-- Default suite -->
</testng-results>
